0 info it worked if it ends with ok
1 verbose cli [ '/usr/local/Cellar/node@6/6.12.0/bin/node',
1 verbose cli   '/usr/local/bin/npm',
1 verbose cli   'start' ]
2 info using npm@3.10.6
3 info using node@v6.12.0
4 verbose run-script [ 'prestart', 'start', 'poststart' ]
5 info lifecycle db_api@1.0.0~prestart: db_api@1.0.0
6 silly lifecycle db_api@1.0.0~prestart: no script for prestart, continuing
7 info lifecycle db_api@1.0.0~start: db_api@1.0.0
8 verbose lifecycle db_api@1.0.0~start: unsafe-perm in lifecycle true
9 verbose lifecycle db_api@1.0.0~start: PATH: /usr/local/lib/node_modules/npm/bin/node-gyp-bin:/Users/ryanmcmullen/Desktop/Atom_Projects/Node/db_api/node_modules/.bin:/usr/local/Cellar/node@6/6.12.0/bin:/usr/local/opt/node@6/bin:/Users/ryanmcmullen/Terraform:/opt/chefdk/embedded/bin:/opt/chefdk/bin:/Users/ryanmcmullen/.chefdk/gem/ruby/2.4.0/bin:/opt/chefdk/embedded/bin:/Library/Frameworks/Python.framework/Versions/3.6/bin:/usr/local/bin:/usr/bin:/bin:/usr/sbin:/sbin:/opt/chefdk/gitbin
10 verbose lifecycle db_api@1.0.0~start: CWD: /Users/ryanmcmullen/Desktop/Atom_Projects/Node/db_api
11 silly lifecycle db_api@1.0.0~start: Args: [ '-c', 'node server.js' ]
12 silly lifecycle db_api@1.0.0~start: Returned: code: 1  signal: null
13 info lifecycle db_api@1.0.0~start: Failed to exec start script
14 verbose stack Error: db_api@1.0.0 start: `node server.js`
14 verbose stack Exit status 1
14 verbose stack     at EventEmitter.<anonymous> (/usr/local/lib/node_modules/npm/lib/utils/lifecycle.js:255:16)
14 verbose stack     at emitTwo (events.js:106:13)
14 verbose stack     at EventEmitter.emit (events.js:191:7)
14 verbose stack     at ChildProcess.<anonymous> (/usr/local/lib/node_modules/npm/lib/utils/spawn.js:40:14)
14 verbose stack     at emitTwo (events.js:106:13)
14 verbose stack     at ChildProcess.emit (events.js:191:7)
14 verbose stack     at maybeClose (internal/child_process.js:920:16)
14 verbose stack     at Process.ChildProcess._handle.onexit (internal/child_process.js:230:5)
15 verbose pkgid db_api@1.0.0
16 verbose cwd /Users/ryanmcmullen/Desktop/Atom_Projects/Node/db_api
17 error Darwin 16.7.0
18 error argv "/usr/local/Cellar/node@6/6.12.0/bin/node" "/usr/local/bin/npm" "start"
19 error node v6.12.0
20 error npm  v3.10.6
21 error code ELIFECYCLE
22 error db_api@1.0.0 start: `node server.js`
22 error Exit status 1
23 error Failed at the db_api@1.0.0 start script 'node server.js'.
23 error Make sure you have the latest version of node.js and npm installed.
23 error If you do, this is most likely a problem with the db_api package,
23 error not with npm itself.
23 error Tell the author that this fails on your system:
23 error     node server.js
23 error You can get information on how to open an issue for this project with:
23 error     npm bugs db_api
23 error Or if that isn't available, you can get their info via:
23 error     npm owner ls db_api
23 error There is likely additional logging output above.
24 verbose exit [ 1, true ]
